<?xml version="1.0" encoding="UTF-8"?>
<!-- Generated by org.testng.reporters.JUnitXMLReporter -->
<testsuite ignored="0" hostname="DESKTOP-AGOQQT3" failures="7" tests="48" name="Test" time="119.503" errors="0" timestamp="2024-05-07T13:15:26 IST">
  <testcase classname="Origin.AFMC.Login" name="launch" time="20.257"/>
  <testcase classname="Origin.AFMC.Login" name="launch" time="1.8"/>
  <testcase classname="Origin.AFMC.Login" name="launch" time="2.159"/>
  <testcase classname="Origin.AFMC.Login" name="launch" time="1.964"/>
  <testcase classname="Origin.AFMC.Login" name="launch" time="1.898"/>
  <testcase classname="Origin.AFMC.Login" name="launch" time="1.889"/>
  <testcase classname="Origin.AFMC.Login" name="launch" time="1.969"/>
  <testcase classname="Origin.AFMC.Login" name="launch" time="1.994"/>
  <testcase classname="Origin.AFMC.Login" name="launch" time="2.272"/>
  <testcase classname="Origin.AFMC.Login" name="launch" time="2.008"/>
  <testcase classname="Origin.AFMC.Login" name="launch" time="2.014"/>
  <testcase classname="Origin.AFMC.Login" name="launch" time="1.985"/>
  <testcase classname="Origin.AFMC.Login" name="launch" time="2.083"/>
  <testcase classname="Origin.AFMC.Login" name="launch" time="2.071"/>
  <testcase classname="Origin.AFMC.Login" name="launch" time="1.946"/>
  <testcase classname="Origin.AFMC.Login" name="launch" time="1.856">
    <failure type="java.lang.AssertionError" message="Pack mismatch expected [true] but found [false]">
      <![CDATA[java.lang.AssertionError: Pack mismatch expected [true] but found [false]
at Origin.AFMC.Login.launch(Login.java:158)
at java.base/java.util.ArrayList.forEach(ArrayList.java:1596)
... Removed 28 stack frames]]>
    </failure>
  </testcase> <!-- launch -->
  <testcase classname="Origin.AFMC.Login" name="launch" time="2.354">
    <failure type="java.lang.AssertionError" message="Pack mismatch expected [true] but found [false]">
      <![CDATA[java.lang.AssertionError: Pack mismatch expected [true] but found [false]
at Origin.AFMC.Login.launch(Login.java:158)
at java.base/java.util.ArrayList.forEach(ArrayList.java:1596)
... Removed 28 stack frames]]>
    </failure>
  </testcase> <!-- launch -->
  <testcase classname="Origin.AFMC.Login" name="launch" time="1.923">
    <failure type="java.lang.AssertionError" message="Pack mismatch expected [true] but found [false]">
      <![CDATA[java.lang.AssertionError: Pack mismatch expected [true] but found [false]
at Origin.AFMC.Login.launch(Login.java:158)
at java.base/java.util.ArrayList.forEach(ArrayList.java:1596)
... Removed 28 stack frames]]>
    </failure>
  </testcase> <!-- launch -->
  <testcase classname="Origin.AFMC.Login" name="launch" time="1.812">
    <failure type="java.lang.AssertionError" message="Pack mismatch expected [true] but found [false]">
      <![CDATA[java.lang.AssertionError: Pack mismatch expected [true] but found [false]
at Origin.AFMC.Login.launch(Login.java:158)
at java.base/java.util.ArrayList.forEach(ArrayList.java:1596)
... Removed 28 stack frames]]>
    </failure>
  </testcase> <!-- launch -->
  <testcase classname="Origin.AFMC.Login" name="launch" time="1.699">
    <failure type="java.lang.AssertionError" message="Pack mismatch expected [true] but found [false]">
      <![CDATA[java.lang.AssertionError: Pack mismatch expected [true] but found [false]
at Origin.AFMC.Login.launch(Login.java:158)
at java.base/java.util.ArrayList.forEach(ArrayList.java:1596)
... Removed 28 stack frames]]>
    </failure>
  </testcase> <!-- launch -->
  <testcase classname="Origin.AFMC.Login" name="launch" time="1.772">
    <failure type="java.lang.AssertionError" message="Pack mismatch expected [true] but found [false]">
      <![CDATA[java.lang.AssertionError: Pack mismatch expected [true] but found [false]
at Origin.AFMC.Login.launch(Login.java:158)
at java.base/java.util.ArrayList.forEach(ArrayList.java:1596)
... Removed 28 stack frames]]>
    </failure>
  </testcase> <!-- launch -->
  <testcase classname="Origin.AFMC.Login" name="launch" time="2.246">
    <failure type="java.lang.AssertionError" message="Pack mismatch expected [true] but found [false]">
      <![CDATA[java.lang.AssertionError: Pack mismatch expected [true] but found [false]
at Origin.AFMC.Login.launch(Login.java:158)
at java.base/java.util.ArrayList.forEach(ArrayList.java:1596)
... Removed 28 stack frames]]>
    </failure>
  </testcase> <!-- launch -->
  <testcase classname="Origin.AFMC.Login" name="launch" time="2.011"/>
  <testcase classname="Origin.AFMC.Login" name="launch" time="1.973"/>
  <testcase classname="Origin.AFMC.Login" name="launch" time="2.06"/>
  <testcase classname="Origin.AFMC.Login" name="launch" time="2.169"/>
  <testcase classname="Origin.AFMC.Login" name="launch" time="2.511"/>
  <testcase classname="Origin.AFMC.Login" name="launch" time="2.267"/>
  <testcase classname="Origin.AFMC.Login" name="launch" time="2.248"/>
  <testcase classname="Origin.AFMC.Login" name="launch" time="2.175"/>
  <testcase classname="Origin.AFMC.Login" name="launch" time="2.571"/>
  <testcase classname="Origin.AFMC.Login" name="launch" time="1.981"/>
  <testcase classname="Origin.AFMC.Login" name="launch" time="2.15"/>
  <testcase classname="Origin.AFMC.Login" name="launch" time="2.233"/>
  <testcase classname="Origin.AFMC.Login" name="launch" time="2.149"/>
  <testcase classname="Origin.AFMC.Login" name="launch" time="2.07"/>
  <testcase classname="Origin.AFMC.Login" name="launch" time="2.076"/>
  <testcase classname="Origin.AFMC.Login" name="launch" time="2.021"/>
  <testcase classname="Origin.AFMC.Login" name="launch" time="2.088"/>
  <testcase classname="Origin.AFMC.Login" name="launch" time="2.071"/>
  <testcase classname="Origin.AFMC.Login" name="launch" time="2.108"/>
  <testcase classname="Origin.AFMC.Login" name="launch" time="2.051"/>
  <testcase classname="Origin.AFMC.Login" name="launch" time="2.075"/>
  <testcase classname="Origin.AFMC.Login" name="launch" time="2.021"/>
  <testcase classname="Origin.AFMC.Login" name="launch" time="2.046"/>
  <testcase classname="Origin.AFMC.Login" name="launch" time="2.121"/>
  <testcase classname="Origin.AFMC.Login" name="launch" time="2.144"/>
  <testcase classname="Origin.AFMC.Login" name="launch" time="2.009"/>
</testsuite> <!-- Test -->
