<?xml version="1.0" encoding="UTF-8"?>
<testng-results ignored="0" total="16" passed="16" failed="0" skipped="0">
  <reporter-output>
  </reporter-output>
  <suite started-at="2024-04-29T16:18:55 IST" name="Default suite" finished-at="2024-04-29T16:19:29 IST" duration-ms="34199">
    <groups>
    </groups>
    <test started-at="2024-04-29T16:18:55 IST" name="Default test" finished-at="2024-04-29T16:19:29 IST" duration-ms="34199">
      <class name="Origin.AFMC.Login">
        <test-method signature="launch(java.lang.String,java.lang.String,java.lang.String,java.lang.String,java.lang.String,java.lang.String,java.lang.String)[pri:0, instance:Origin.AFMC.Login@79207381]" started-at="2024-04-29T16:18:55 IST" name="launch" data-provider="logindata" finished-at="2024-04-29T16:19:04 IST" duration-ms="8930" status="PASS">
          <params>
            <param index="0">
              <value>
                <![CDATA[M44Q-YY8-8PC]]>
              </value>
            </param>
            <param index="1">
              <value>
                <![CDATA[CORAGEN]]>
              </value>
            </param>
            <param index="2">
              <value>
                <![CDATA[10ML]]>
              </value>
            </param>
            <param index="3">
              <value>
                <![CDATA[1223IB9006]]>
              </value>
            </param>
            <param index="4">
              <value>
                <![CDATA[08-Dec-2023]]>
              </value>
            </param>
            <param index="5">
              <value>
                <![CDATA[07-Dec-2025]]>
              </value>
            </param>
            <param index="6">
              <value>
                <![CDATA[Saraswati Agro Chemicals India Pvt Ltd]]>
              </value>
            </param>
          </params>
          <reporter-output>
          </reporter-output>
        </test-method> <!-- launch -->
        <test-method is-config="true" signature="captureScreenshot(org.testng.ITestResult)[pri:0, instance:Origin.AFMC.Login@79207381]" started-at="2024-04-29T16:19:04 IST" name="captureScreenshot" finished-at="2024-04-29T16:19:04 IST" duration-ms="3" status="PASS">
          <params>
            <param index="0">
              <value>
                <![CDATA[[TestResult name=launch status=SUCCESS method=Login.launch(java.lang.String,java.lang.String,java.lang.String,java.lang.String,java.lang.String,java.lang.String,java.lang.String)[pri:0, instance:Origin.AFMC.Login@79207381] output={null}]]]>
              </value>
            </param>
          </params>
          <reporter-output>
          </reporter-output>
        </test-method> <!-- captureScreenshot -->
        <test-method signature="launch(java.lang.String,java.lang.String,java.lang.String,java.lang.String,java.lang.String,java.lang.String,java.lang.String)[pri:0, instance:Origin.AFMC.Login@79207381]" started-at="2024-04-29T16:19:04 IST" name="launch" data-provider="logindata" finished-at="2024-04-29T16:19:06 IST" duration-ms="1767" status="PASS">
          <params>
            <param index="0">
              <value>
                <![CDATA[M44Q-O7P-Z9R]]>
              </value>
            </param>
            <param index="1">
              <value>
                <![CDATA[CORAGEN]]>
              </value>
            </param>
            <param index="2">
              <value>
                <![CDATA[10ML]]>
              </value>
            </param>
            <param index="3">
              <value>
                <![CDATA[1223IB9006]]>
              </value>
            </param>
            <param index="4">
              <value>
                <![CDATA[08-Dec-2023]]>
              </value>
            </param>
            <param index="5">
              <value>
                <![CDATA[07-Dec-2025]]>
              </value>
            </param>
            <param index="6">
              <value>
                <![CDATA[Saraswati Agro Chemicals India Pvt Ltd]]>
              </value>
            </param>
          </params>
          <reporter-output>
          </reporter-output>
        </test-method> <!-- launch -->
        <test-method is-config="true" signature="captureScreenshot(org.testng.ITestResult)[pri:0, instance:Origin.AFMC.Login@79207381]" started-at="2024-04-29T16:19:06 IST" name="captureScreenshot" finished-at="2024-04-29T16:19:06 IST" duration-ms="1" status="PASS">
          <params>
            <param index="0">
              <value>
                <![CDATA[[TestResult name=launch status=SUCCESS method=Login.launch(java.lang.String,java.lang.String,java.lang.String,java.lang.String,java.lang.String,java.lang.String,java.lang.String)[pri:0, instance:Origin.AFMC.Login@79207381] output={null}]]]>
              </value>
            </param>
          </params>
          <reporter-output>
          </reporter-output>
        </test-method> <!-- captureScreenshot -->
        <test-method signature="launch(java.lang.String,java.lang.String,java.lang.String,java.lang.String,java.lang.String,java.lang.String,java.lang.String)[pri:0, instance:Origin.AFMC.Login@79207381]" started-at="2024-04-29T16:19:06 IST" name="launch" data-provider="logindata" finished-at="2024-04-29T16:19:08 IST" duration-ms="1641" status="PASS">
          <params>
            <param index="0">
              <value>
                <![CDATA[M44Q-CNH-FDA]]>
              </value>
            </param>
            <param index="1">
              <value>
                <![CDATA[CORAGEN]]>
              </value>
            </param>
            <param index="2">
              <value>
                <![CDATA[10ML]]>
              </value>
            </param>
            <param index="3">
              <value>
                <![CDATA[1223IB9006]]>
              </value>
            </param>
            <param index="4">
              <value>
                <![CDATA[08-Dec-2023]]>
              </value>
            </param>
            <param index="5">
              <value>
                <![CDATA[07-Dec-2025]]>
              </value>
            </param>
            <param index="6">
              <value>
                <![CDATA[Saraswati Agro Chemicals India Pvt Ltd]]>
              </value>
            </param>
          </params>
          <reporter-output>
          </reporter-output>
        </test-method> <!-- launch -->
        <test-method is-config="true" signature="captureScreenshot(org.testng.ITestResult)[pri:0, instance:Origin.AFMC.Login@79207381]" started-at="2024-04-29T16:19:08 IST" name="captureScreenshot" finished-at="2024-04-29T16:19:08 IST" duration-ms="0" status="PASS">
          <params>
            <param index="0">
              <value>
                <![CDATA[[TestResult name=launch status=SUCCESS method=Login.launch(java.lang.String,java.lang.String,java.lang.String,java.lang.String,java.lang.String,java.lang.String,java.lang.String)[pri:0, instance:Origin.AFMC.Login@79207381] output={null}]]]>
              </value>
            </param>
          </params>
          <reporter-output>
          </reporter-output>
        </test-method> <!-- captureScreenshot -->
        <test-method signature="launch(java.lang.String,java.lang.String,java.lang.String,java.lang.String,java.lang.String,java.lang.String,java.lang.String)[pri:0, instance:Origin.AFMC.Login@79207381]" started-at="2024-04-29T16:19:08 IST" name="launch" data-provider="logindata" finished-at="2024-04-29T16:19:09 IST" duration-ms="1610" status="PASS">
          <params>
            <param index="0">
              <value>
                <![CDATA[M44Q-BW1-PMY]]>
              </value>
            </param>
            <param index="1">
              <value>
                <![CDATA[CORAGEN]]>
              </value>
            </param>
            <param index="2">
              <value>
                <![CDATA[10ML]]>
              </value>
            </param>
            <param index="3">
              <value>
                <![CDATA[1223IB9006]]>
              </value>
            </param>
            <param index="4">
              <value>
                <![CDATA[08-Dec-2023]]>
              </value>
            </param>
            <param index="5">
              <value>
                <![CDATA[07-Dec-2025]]>
              </value>
            </param>
            <param index="6">
              <value>
                <![CDATA[Saraswati Agro Chemicals India Pvt Ltd]]>
              </value>
            </param>
          </params>
          <reporter-output>
          </reporter-output>
        </test-method> <!-- launch -->
        <test-method is-config="true" signature="captureScreenshot(org.testng.ITestResult)[pri:0, instance:Origin.AFMC.Login@79207381]" started-at="2024-04-29T16:19:09 IST" name="captureScreenshot" finished-at="2024-04-29T16:19:09 IST" duration-ms="0" status="PASS">
          <params>
            <param index="0">
              <value>
                <![CDATA[[TestResult name=launch status=SUCCESS method=Login.launch(java.lang.String,java.lang.String,java.lang.String,java.lang.String,java.lang.String,java.lang.String,java.lang.String)[pri:0, instance:Origin.AFMC.Login@79207381] output={null}]]]>
              </value>
            </param>
          </params>
          <reporter-output>
          </reporter-output>
        </test-method> <!-- captureScreenshot -->
        <test-method signature="launch(java.lang.String,java.lang.String,java.lang.String,java.lang.String,java.lang.String,java.lang.String,java.lang.String)[pri:0, instance:Origin.AFMC.Login@79207381]" started-at="2024-04-29T16:19:09 IST" name="launch" data-provider="logindata" finished-at="2024-04-29T16:19:11 IST" duration-ms="1637" status="PASS">
          <params>
            <param index="0">
              <value>
                <![CDATA[C44R-IJF-ABZ]]>
              </value>
            </param>
            <param index="1">
              <value>
                <![CDATA[FERTERRA]]>
              </value>
            </param>
            <param index="2">
              <value>
                <![CDATA[4KG]]>
              </value>
            </param>
            <param index="3">
              <value>
                <![CDATA[0424PS0132]]>
              </value>
            </param>
            <param index="4">
              <value>
                <![CDATA[27-Apr-2024]]>
              </value>
            </param>
            <param index="5">
              <value>
                <![CDATA[26-Apr-2026]]>
              </value>
            </param>
            <param index="6">
              <value>
                <![CDATA[Prasad Seeds Pvt Ltd]]>
              </value>
            </param>
          </params>
          <reporter-output>
          </reporter-output>
        </test-method> <!-- launch -->
        <test-method is-config="true" signature="captureScreenshot(org.testng.ITestResult)[pri:0, instance:Origin.AFMC.Login@79207381]" started-at="2024-04-29T16:19:11 IST" name="captureScreenshot" finished-at="2024-04-29T16:19:11 IST" duration-ms="0" status="PASS">
          <params>
            <param index="0">
              <value>
                <![CDATA[[TestResult name=launch status=SUCCESS method=Login.launch(java.lang.String,java.lang.String,java.lang.String,java.lang.String,java.lang.String,java.lang.String,java.lang.String)[pri:0, instance:Origin.AFMC.Login@79207381] output={null}]]]>
              </value>
            </param>
          </params>
          <reporter-output>
          </reporter-output>
        </test-method> <!-- captureScreenshot -->
        <test-method signature="launch(java.lang.String,java.lang.String,java.lang.String,java.lang.String,java.lang.String,java.lang.String,java.lang.String)[pri:0, instance:Origin.AFMC.Login@79207381]" started-at="2024-04-29T16:19:11 IST" name="launch" data-provider="logindata" finished-at="2024-04-29T16:19:13 IST" duration-ms="1622" status="PASS">
          <params>
            <param index="0">
              <value>
                <![CDATA[C44R-J3V-0NN]]>
              </value>
            </param>
            <param index="1">
              <value>
                <![CDATA[FERTERRA]]>
              </value>
            </param>
            <param index="2">
              <value>
                <![CDATA[4KG]]>
              </value>
            </param>
            <param index="3">
              <value>
                <![CDATA[0424PS0132]]>
              </value>
            </param>
            <param index="4">
              <value>
                <![CDATA[27-Apr-2024]]>
              </value>
            </param>
            <param index="5">
              <value>
                <![CDATA[26-Apr-2026]]>
              </value>
            </param>
            <param index="6">
              <value>
                <![CDATA[Prasad Seeds Pvt Ltd]]>
              </value>
            </param>
          </params>
          <reporter-output>
          </reporter-output>
        </test-method> <!-- launch -->
        <test-method is-config="true" signature="captureScreenshot(org.testng.ITestResult)[pri:0, instance:Origin.AFMC.Login@79207381]" started-at="2024-04-29T16:19:13 IST" name="captureScreenshot" finished-at="2024-04-29T16:19:13 IST" duration-ms="1" status="PASS">
          <params>
            <param index="0">
              <value>
                <![CDATA[[TestResult name=launch status=SUCCESS method=Login.launch(java.lang.String,java.lang.String,java.lang.String,java.lang.String,java.lang.String,java.lang.String,java.lang.String)[pri:0, instance:Origin.AFMC.Login@79207381] output={null}]]]>
              </value>
            </param>
          </params>
          <reporter-output>
          </reporter-output>
        </test-method> <!-- captureScreenshot -->
        <test-method signature="launch(java.lang.String,java.lang.String,java.lang.String,java.lang.String,java.lang.String,java.lang.String,java.lang.String)[pri:0, instance:Origin.AFMC.Login@79207381]" started-at="2024-04-29T16:19:13 IST" name="launch" data-provider="logindata" finished-at="2024-04-29T16:19:14 IST" duration-ms="1690" status="PASS">
          <params>
            <param index="0">
              <value>
                <![CDATA[C44R-O5I-WIW]]>
              </value>
            </param>
            <param index="1">
              <value>
                <![CDATA[FERTERRA]]>
              </value>
            </param>
            <param index="2">
              <value>
                <![CDATA[4KG]]>
              </value>
            </param>
            <param index="3">
              <value>
                <![CDATA[0424PS0132]]>
              </value>
            </param>
            <param index="4">
              <value>
                <![CDATA[27-Apr-2024]]>
              </value>
            </param>
            <param index="5">
              <value>
                <![CDATA[26-Apr-2026]]>
              </value>
            </param>
            <param index="6">
              <value>
                <![CDATA[Prasad Seeds Pvt Ltd]]>
              </value>
            </param>
          </params>
          <reporter-output>
          </reporter-output>
        </test-method> <!-- launch -->
        <test-method is-config="true" signature="captureScreenshot(org.testng.ITestResult)[pri:0, instance:Origin.AFMC.Login@79207381]" started-at="2024-04-29T16:19:14 IST" name="captureScreenshot" finished-at="2024-04-29T16:19:14 IST" duration-ms="3" status="PASS">
          <params>
            <param index="0">
              <value>
                <![CDATA[[TestResult name=launch status=SUCCESS method=Login.launch(java.lang.String,java.lang.String,java.lang.String,java.lang.String,java.lang.String,java.lang.String,java.lang.String)[pri:0, instance:Origin.AFMC.Login@79207381] output={null}]]]>
              </value>
            </param>
          </params>
          <reporter-output>
          </reporter-output>
        </test-method> <!-- captureScreenshot -->
        <test-method signature="launch(java.lang.String,java.lang.String,java.lang.String,java.lang.String,java.lang.String,java.lang.String,java.lang.String)[pri:0, instance:Origin.AFMC.Login@79207381]" started-at="2024-04-29T16:19:14 IST" name="launch" data-provider="logindata" finished-at="2024-04-29T16:19:16 IST" duration-ms="1676" status="PASS">
          <params>
            <param index="0">
              <value>
                <![CDATA[C44R-C2Z-7T8]]>
              </value>
            </param>
            <param index="1">
              <value>
                <![CDATA[FERTERRA]]>
              </value>
            </param>
            <param index="2">
              <value>
                <![CDATA[4KG]]>
              </value>
            </param>
            <param index="3">
              <value>
                <![CDATA[0424PS0132]]>
              </value>
            </param>
            <param index="4">
              <value>
                <![CDATA[27-Apr-2024]]>
              </value>
            </param>
            <param index="5">
              <value>
                <![CDATA[26-Apr-2026]]>
              </value>
            </param>
            <param index="6">
              <value>
                <![CDATA[Prasad Seeds Pvt Ltd]]>
              </value>
            </param>
          </params>
          <reporter-output>
          </reporter-output>
        </test-method> <!-- launch -->
        <test-method is-config="true" signature="captureScreenshot(org.testng.ITestResult)[pri:0, instance:Origin.AFMC.Login@79207381]" started-at="2024-04-29T16:19:16 IST" name="captureScreenshot" finished-at="2024-04-29T16:19:16 IST" duration-ms="1" status="PASS">
          <params>
            <param index="0">
              <value>
                <![CDATA[[TestResult name=launch status=SUCCESS method=Login.launch(java.lang.String,java.lang.String,java.lang.String,java.lang.String,java.lang.String,java.lang.String,java.lang.String)[pri:0, instance:Origin.AFMC.Login@79207381] output={null}]]]>
              </value>
            </param>
          </params>
          <reporter-output>
          </reporter-output>
        </test-method> <!-- captureScreenshot -->
        <test-method signature="launch(java.lang.String,java.lang.String,java.lang.String,java.lang.String,java.lang.String,java.lang.String,java.lang.String)[pri:0, instance:Origin.AFMC.Login@79207381]" started-at="2024-04-29T16:19:16 IST" name="launch" data-provider="logindata" finished-at="2024-04-29T16:19:18 IST" duration-ms="1585" status="PASS">
          <params>
            <param index="0">
              <value>
                <![CDATA[B44R-ZX3-CN4]]>
              </value>
            </param>
            <param index="1">
              <value>
                <![CDATA[Ferterra]]>
              </value>
            </param>
            <param index="2">
              <value>
                <![CDATA[4KG]]>
              </value>
            </param>
            <param index="3">
              <value>
                <![CDATA[0424BT0088]]>
              </value>
            </param>
            <param index="4">
              <value>
                <![CDATA[25-Apr-2024]]>
              </value>
            </param>
            <param index="5">
              <value>
                <![CDATA[24-Apr-2026]]>
              </value>
            </param>
            <param index="6">
              <value>
                <![CDATA[Baroda Agro Chemicals Limited]]>
              </value>
            </param>
          </params>
          <reporter-output>
          </reporter-output>
        </test-method> <!-- launch -->
        <test-method signature="launch(java.lang.String,java.lang.String,java.lang.String,java.lang.String,java.lang.String,java.lang.String,java.lang.String)[pri:0, instance:Origin.AFMC.Login@79207381]" started-at="2024-04-29T16:19:18 IST" name="launch" data-provider="logindata" finished-at="2024-04-29T16:19:19 IST" duration-ms="1635" status="PASS">
          <params>
            <param index="0">
              <value>
                <![CDATA[B44R-379-JWS]]>
              </value>
            </param>
            <param index="1">
              <value>
                <![CDATA[Ferterra]]>
              </value>
            </param>
            <param index="2">
              <value>
                <![CDATA[4KG]]>
              </value>
            </param>
            <param index="3">
              <value>
                <![CDATA[0424BT0088]]>
              </value>
            </param>
            <param index="4">
              <value>
                <![CDATA[25-Apr-2024]]>
              </value>
            </param>
            <param index="5">
              <value>
                <![CDATA[24-Apr-2026]]>
              </value>
            </param>
            <param index="6">
              <value>
                <![CDATA[Baroda Agro Chemicals Limited]]>
              </value>
            </param>
          </params>
          <reporter-output>
          </reporter-output>
        </test-method> <!-- launch -->
        <test-method is-config="true" signature="captureScreenshot(org.testng.ITestResult)[pri:0, instance:Origin.AFMC.Login@79207381]" started-at="2024-04-29T16:19:18 IST" name="captureScreenshot" finished-at="2024-04-29T16:19:18 IST" duration-ms="0" status="PASS">
          <params>
            <param index="0">
              <value>
                <![CDATA[[TestResult name=launch status=SUCCESS method=Login.launch(java.lang.String,java.lang.String,java.lang.String,java.lang.String,java.lang.String,java.lang.String,java.lang.String)[pri:0, instance:Origin.AFMC.Login@79207381] output={null}]]]>
              </value>
            </param>
          </params>
          <reporter-output>
          </reporter-output>
        </test-method> <!-- captureScreenshot -->
        <test-method is-config="true" signature="captureScreenshot(org.testng.ITestResult)[pri:0, instance:Origin.AFMC.Login@79207381]" started-at="2024-04-29T16:19:19 IST" name="captureScreenshot" finished-at="2024-04-29T16:19:19 IST" duration-ms="1" status="PASS">
          <params>
            <param index="0">
              <value>
                <![CDATA[[TestResult name=launch status=SUCCESS method=Login.launch(java.lang.String,java.lang.String,java.lang.String,java.lang.String,java.lang.String,java.lang.String,java.lang.String)[pri:0, instance:Origin.AFMC.Login@79207381] output={null}]]]>
              </value>
            </param>
          </params>
          <reporter-output>
          </reporter-output>
        </test-method> <!-- captureScreenshot -->
        <test-method signature="launch(java.lang.String,java.lang.String,java.lang.String,java.lang.String,java.lang.String,java.lang.String,java.lang.String)[pri:0, instance:Origin.AFMC.Login@79207381]" started-at="2024-04-29T16:19:19 IST" name="launch" data-provider="logindata" finished-at="2024-04-29T16:19:21 IST" duration-ms="1622" status="PASS">
          <params>
            <param index="0">
              <value>
                <![CDATA[B44-RQY-5XL]]>
              </value>
            </param>
            <param index="1">
              <value>
                <![CDATA[Ferterra]]>
              </value>
            </param>
            <param index="2">
              <value>
                <![CDATA[4KG]]>
              </value>
            </param>
            <param index="3">
              <value>
                <![CDATA[0424BT0088]]>
              </value>
            </param>
            <param index="4">
              <value>
                <![CDATA[25-Apr-2024]]>
              </value>
            </param>
            <param index="5">
              <value>
                <![CDATA[24-Apr-2026]]>
              </value>
            </param>
            <param index="6">
              <value>
                <![CDATA[Baroda Agro Chemicals Limited]]>
              </value>
            </param>
          </params>
          <reporter-output>
          </reporter-output>
        </test-method> <!-- launch -->
        <test-method is-config="true" signature="captureScreenshot(org.testng.ITestResult)[pri:0, instance:Origin.AFMC.Login@79207381]" started-at="2024-04-29T16:19:21 IST" name="captureScreenshot" finished-at="2024-04-29T16:19:21 IST" duration-ms="0" status="PASS">
          <params>
            <param index="0">
              <value>
                <![CDATA[[TestResult name=launch status=SUCCESS method=Login.launch(java.lang.String,java.lang.String,java.lang.String,java.lang.String,java.lang.String,java.lang.String,java.lang.String)[pri:0, instance:Origin.AFMC.Login@79207381] output={null}]]]>
              </value>
            </param>
          </params>
          <reporter-output>
          </reporter-output>
        </test-method> <!-- captureScreenshot -->
        <test-method signature="launch(java.lang.String,java.lang.String,java.lang.String,java.lang.String,java.lang.String,java.lang.String,java.lang.String)[pri:0, instance:Origin.AFMC.Login@79207381]" started-at="2024-04-29T16:19:21 IST" name="launch" data-provider="logindata" finished-at="2024-04-29T16:19:22 IST" duration-ms="1619" status="PASS">
          <params>
            <param index="0">
              <value>
                <![CDATA[B44-RYW-W1J]]>
              </value>
            </param>
            <param index="1">
              <value>
                <![CDATA[Ferterra]]>
              </value>
            </param>
            <param index="2">
              <value>
                <![CDATA[4KG]]>
              </value>
            </param>
            <param index="3">
              <value>
                <![CDATA[0424BT0088]]>
              </value>
            </param>
            <param index="4">
              <value>
                <![CDATA[25-Apr-2024]]>
              </value>
            </param>
            <param index="5">
              <value>
                <![CDATA[24-Apr-2026]]>
              </value>
            </param>
            <param index="6">
              <value>
                <![CDATA[Baroda Agro Chemicals Limited]]>
              </value>
            </param>
          </params>
          <reporter-output>
          </reporter-output>
        </test-method> <!-- launch -->
        <test-method is-config="true" signature="captureScreenshot(org.testng.ITestResult)[pri:0, instance:Origin.AFMC.Login@79207381]" started-at="2024-04-29T16:19:22 IST" name="captureScreenshot" finished-at="2024-04-29T16:19:22 IST" duration-ms="1" status="PASS">
          <params>
            <param index="0">
              <value>
                <![CDATA[[TestResult name=launch status=SUCCESS method=Login.launch(java.lang.String,java.lang.String,java.lang.String,java.lang.String,java.lang.String,java.lang.String,java.lang.String)[pri:0, instance:Origin.AFMC.Login@79207381] output={null}]]]>
              </value>
            </param>
          </params>
          <reporter-output>
          </reporter-output>
        </test-method> <!-- captureScreenshot -->
        <test-method signature="launch(java.lang.String,java.lang.String,java.lang.String,java.lang.String,java.lang.String,java.lang.String,java.lang.String)[pri:0, instance:Origin.AFMC.Login@79207381]" started-at="2024-04-29T16:19:22 IST" name="launch" data-provider="logindata" finished-at="2024-04-29T16:19:24 IST" duration-ms="1624" status="PASS">
          <params>
            <param index="0">
              <value>
                <![CDATA[K44Q-AHD-HIA]]>
              </value>
            </param>
            <param index="1">
              <value>
                <![CDATA[FERTERRA]]>
              </value>
            </param>
            <param index="2">
              <value>
                <![CDATA[4KG]]>
              </value>
            </param>
            <param index="3">
              <value>
                <![CDATA[0424IB0107]]>
              </value>
            </param>
            <param index="4">
              <value>
                <![CDATA[25-Apr-2024]]>
              </value>
            </param>
            <param index="5">
              <value>
                <![CDATA[24-Apr-2026]]>
              </value>
            </param>
            <param index="6">
              <value>
                <![CDATA[Saraswati Agro Chemicals India Pvt Ltd]]>
              </value>
            </param>
          </params>
          <reporter-output>
          </reporter-output>
        </test-method> <!-- launch -->
        <test-method is-config="true" signature="captureScreenshot(org.testng.ITestResult)[pri:0, instance:Origin.AFMC.Login@79207381]" started-at="2024-04-29T16:19:24 IST" name="captureScreenshot" finished-at="2024-04-29T16:19:24 IST" duration-ms="1" status="PASS">
          <params>
            <param index="0">
              <value>
                <![CDATA[[TestResult name=launch status=SUCCESS method=Login.launch(java.lang.String,java.lang.String,java.lang.String,java.lang.String,java.lang.String,java.lang.String,java.lang.String)[pri:0, instance:Origin.AFMC.Login@79207381] output={null}]]]>
              </value>
            </param>
          </params>
          <reporter-output>
          </reporter-output>
        </test-method> <!-- captureScreenshot -->
        <test-method signature="launch(java.lang.String,java.lang.String,java.lang.String,java.lang.String,java.lang.String,java.lang.String,java.lang.String)[pri:0, instance:Origin.AFMC.Login@79207381]" started-at="2024-04-29T16:19:24 IST" name="launch" data-provider="logindata" finished-at="2024-04-29T16:19:26 IST" duration-ms="1636" status="PASS">
          <params>
            <param index="0">
              <value>
                <![CDATA[K44Q-01S-2Y6]]>
              </value>
            </param>
            <param index="1">
              <value>
                <![CDATA[FERTERRA]]>
              </value>
            </param>
            <param index="2">
              <value>
                <![CDATA[4KG]]>
              </value>
            </param>
            <param index="3">
              <value>
                <![CDATA[0424IB0107]]>
              </value>
            </param>
            <param index="4">
              <value>
                <![CDATA[25-Apr-2024]]>
              </value>
            </param>
            <param index="5">
              <value>
                <![CDATA[24-Apr-2026]]>
              </value>
            </param>
            <param index="6">
              <value>
                <![CDATA[Saraswati Agro Chemicals India Pvt Ltd]]>
              </value>
            </param>
          </params>
          <reporter-output>
          </reporter-output>
        </test-method> <!-- launch -->
        <test-method is-config="true" signature="captureScreenshot(org.testng.ITestResult)[pri:0, instance:Origin.AFMC.Login@79207381]" started-at="2024-04-29T16:19:26 IST" name="captureScreenshot" finished-at="2024-04-29T16:19:26 IST" duration-ms="0" status="PASS">
          <params>
            <param index="0">
              <value>
                <![CDATA[[TestResult name=launch status=SUCCESS method=Login.launch(java.lang.String,java.lang.String,java.lang.String,java.lang.String,java.lang.String,java.lang.String,java.lang.String)[pri:0, instance:Origin.AFMC.Login@79207381] output={null}]]]>
              </value>
            </param>
          </params>
          <reporter-output>
          </reporter-output>
        </test-method> <!-- captureScreenshot -->
        <test-method signature="launch(java.lang.String,java.lang.String,java.lang.String,java.lang.String,java.lang.String,java.lang.String,java.lang.String)[pri:0, instance:Origin.AFMC.Login@79207381]" started-at="2024-04-29T16:19:26 IST" name="launch" data-provider="logindata" finished-at="2024-04-29T16:19:27 IST" duration-ms="1678" status="PASS">
          <params>
            <param index="0">
              <value>
                <![CDATA[K44Q-WSA-T02]]>
              </value>
            </param>
            <param index="1">
              <value>
                <![CDATA[FERTERRA]]>
              </value>
            </param>
            <param index="2">
              <value>
                <![CDATA[4KG]]>
              </value>
            </param>
            <param index="3">
              <value>
                <![CDATA[0424IB0107]]>
              </value>
            </param>
            <param index="4">
              <value>
                <![CDATA[25-Apr-2024]]>
              </value>
            </param>
            <param index="5">
              <value>
                <![CDATA[24-Apr-2026]]>
              </value>
            </param>
            <param index="6">
              <value>
                <![CDATA[Saraswati Agro Chemicals India Pvt Ltd]]>
              </value>
            </param>
          </params>
          <reporter-output>
          </reporter-output>
        </test-method> <!-- launch -->
        <test-method is-config="true" signature="captureScreenshot(org.testng.ITestResult)[pri:0, instance:Origin.AFMC.Login@79207381]" started-at="2024-04-29T16:19:27 IST" name="captureScreenshot" finished-at="2024-04-29T16:19:27 IST" duration-ms="1" status="PASS">
          <params>
            <param index="0">
              <value>
                <![CDATA[[TestResult name=launch status=SUCCESS method=Login.launch(java.lang.String,java.lang.String,java.lang.String,java.lang.String,java.lang.String,java.lang.String,java.lang.String)[pri:0, instance:Origin.AFMC.Login@79207381] output={null}]]]>
              </value>
            </param>
          </params>
          <reporter-output>
          </reporter-output>
        </test-method> <!-- captureScreenshot -->
        <test-method signature="launch(java.lang.String,java.lang.String,java.lang.String,java.lang.String,java.lang.String,java.lang.String,java.lang.String)[pri:0, instance:Origin.AFMC.Login@79207381]" started-at="2024-04-29T16:19:27 IST" name="launch" data-provider="logindata" finished-at="2024-04-29T16:19:29 IST" duration-ms="1566" status="PASS">
          <params>
            <param index="0">
              <value>
                <![CDATA[K44Q-I9E-7GC]]>
              </value>
            </param>
            <param index="1">
              <value>
                <![CDATA[FERTERRA]]>
              </value>
            </param>
            <param index="2">
              <value>
                <![CDATA[4KG]]>
              </value>
            </param>
            <param index="3">
              <value>
                <![CDATA[0424IB0107]]>
              </value>
            </param>
            <param index="4">
              <value>
                <![CDATA[25-Apr-2024]]>
              </value>
            </param>
            <param index="5">
              <value>
                <![CDATA[24-Apr-2026]]>
              </value>
            </param>
            <param index="6">
              <value>
                <![CDATA[Saraswati Agro Chemicals India Pvt Ltd]]>
              </value>
            </param>
          </params>
          <reporter-output>
          </reporter-output>
        </test-method> <!-- launch -->
        <test-method is-config="true" signature="captureScreenshot(org.testng.ITestResult)[pri:0, instance:Origin.AFMC.Login@79207381]" started-at="2024-04-29T16:19:29 IST" name="captureScreenshot" finished-at="2024-04-29T16:19:29 IST" duration-ms="1" status="PASS">
          <params>
            <param index="0">
              <value>
                <![CDATA[[TestResult name=launch status=SUCCESS method=Login.launch(java.lang.String,java.lang.String,java.lang.String,java.lang.String,java.lang.String,java.lang.String,java.lang.String)[pri:0, instance:Origin.AFMC.Login@79207381] output={null}]]]>
              </value>
            </param>
          </params>
          <reporter-output>
          </reporter-output>
        </test-method> <!-- captureScreenshot -->
      </class> <!-- Origin.AFMC.Login -->
    </test> <!-- Default test -->
  </suite> <!-- Default suite -->
</testng-results>
