<?xml version="1.0" encoding="UTF-8"?>
<testng-results ignored="0" total="16" passed="16" failed="0" skipped="0">
  <reporter-output>
  </reporter-output>
  <suite started-at="2024-04-25T15:03:18 IST" name="Default suite" finished-at="2024-04-25T15:03:47 IST" duration-ms="29091">
    <groups>
    </groups>
    <test started-at="2024-04-25T15:03:18 IST" name="Default test" finished-at="2024-04-25T15:03:47 IST" duration-ms="29091">
      <class name="Origin.AFMC.Login">
        <test-method signature="launch(java.lang.String,java.lang.String,java.lang.String,java.lang.String,java.lang.String,java.lang.String)[pri:0, instance:Origin.AFMC.Login@79207381]" started-at="2024-04-25T15:03:19 IST" name="launch" data-provider="logindata" finished-at="2024-04-25T15:03:21 IST" duration-ms="2533" status="PASS">
          <params>
            <param index="0">
              <value>
                <![CDATA[B44O-DZ2-RO3]]>
              </value>
            </param>
            <param index="1">
              <value>
                <![CDATA[Ferterra]]>
              </value>
            </param>
            <param index="2">
              <value>
                <![CDATA[4KG]]>
              </value>
            </param>
            <param index="3">
              <value>
                <![CDATA[0424BT0079]]>
              </value>
            </param>
            <param index="4">
              <value>
                <![CDATA[23-Apr-2024]]>
              </value>
            </param>
            <param index="5">
              <value>
                <![CDATA[22-Apr-2026]]>
              </value>
            </param>
          </params>
          <reporter-output>
          </reporter-output>
        </test-method> <!-- launch -->
        <test-method is-config="true" signature="captureScreenshot(org.testng.ITestResult)[pri:0, instance:Origin.AFMC.Login@79207381]" started-at="2024-04-25T15:03:21 IST" name="captureScreenshot" finished-at="2024-04-25T15:03:21 IST" duration-ms="3" status="PASS">
          <params>
            <param index="0">
              <value>
                <![CDATA[[TestResult name=launch status=SUCCESS method=Login.launch(java.lang.String,java.lang.String,java.lang.String,java.lang.String,java.lang.String,java.lang.String)[pri:0, instance:Origin.AFMC.Login@79207381] output={null}]]]>
              </value>
            </param>
          </params>
          <reporter-output>
          </reporter-output>
        </test-method> <!-- captureScreenshot -->
        <test-method signature="launch(java.lang.String,java.lang.String,java.lang.String,java.lang.String,java.lang.String,java.lang.String)[pri:0, instance:Origin.AFMC.Login@79207381]" started-at="2024-04-25T15:03:21 IST" name="launch" data-provider="logindata" finished-at="2024-04-25T15:03:23 IST" duration-ms="1696" status="PASS">
          <params>
            <param index="0">
              <value>
                <![CDATA[B44O-JNS-5CP]]>
              </value>
            </param>
            <param index="1">
              <value>
                <![CDATA[Ferterra]]>
              </value>
            </param>
            <param index="2">
              <value>
                <![CDATA[4KG]]>
              </value>
            </param>
            <param index="3">
              <value>
                <![CDATA[0424BT0079]]>
              </value>
            </param>
            <param index="4">
              <value>
                <![CDATA[23-Apr-2024]]>
              </value>
            </param>
            <param index="5">
              <value>
                <![CDATA[22-Apr-2026]]>
              </value>
            </param>
          </params>
          <reporter-output>
          </reporter-output>
        </test-method> <!-- launch -->
        <test-method is-config="true" signature="captureScreenshot(org.testng.ITestResult)[pri:0, instance:Origin.AFMC.Login@79207381]" started-at="2024-04-25T15:03:23 IST" name="captureScreenshot" finished-at="2024-04-25T15:03:23 IST" duration-ms="0" status="PASS">
          <params>
            <param index="0">
              <value>
                <![CDATA[[TestResult name=launch status=SUCCESS method=Login.launch(java.lang.String,java.lang.String,java.lang.String,java.lang.String,java.lang.String,java.lang.String)[pri:0, instance:Origin.AFMC.Login@79207381] output={null}]]]>
              </value>
            </param>
          </params>
          <reporter-output>
          </reporter-output>
        </test-method> <!-- captureScreenshot -->
        <test-method signature="launch(java.lang.String,java.lang.String,java.lang.String,java.lang.String,java.lang.String,java.lang.String)[pri:0, instance:Origin.AFMC.Login@79207381]" started-at="2024-04-25T15:03:23 IST" name="launch" data-provider="logindata" finished-at="2024-04-25T15:03:25 IST" duration-ms="1716" status="PASS">
          <params>
            <param index="0">
              <value>
                <![CDATA[B44O-8QK-MHS]]>
              </value>
            </param>
            <param index="1">
              <value>
                <![CDATA[Ferterra]]>
              </value>
            </param>
            <param index="2">
              <value>
                <![CDATA[4KG]]>
              </value>
            </param>
            <param index="3">
              <value>
                <![CDATA[0424BT0079]]>
              </value>
            </param>
            <param index="4">
              <value>
                <![CDATA[23-Apr-2024]]>
              </value>
            </param>
            <param index="5">
              <value>
                <![CDATA[22-Apr-2026]]>
              </value>
            </param>
          </params>
          <reporter-output>
          </reporter-output>
        </test-method> <!-- launch -->
        <test-method is-config="true" signature="captureScreenshot(org.testng.ITestResult)[pri:0, instance:Origin.AFMC.Login@79207381]" started-at="2024-04-25T15:03:25 IST" name="captureScreenshot" finished-at="2024-04-25T15:03:25 IST" duration-ms="1" status="PASS">
          <params>
            <param index="0">
              <value>
                <![CDATA[[TestResult name=launch status=SUCCESS method=Login.launch(java.lang.String,java.lang.String,java.lang.String,java.lang.String,java.lang.String,java.lang.String)[pri:0, instance:Origin.AFMC.Login@79207381] output={null}]]]>
              </value>
            </param>
          </params>
          <reporter-output>
          </reporter-output>
        </test-method> <!-- captureScreenshot -->
        <test-method signature="launch(java.lang.String,java.lang.String,java.lang.String,java.lang.String,java.lang.String,java.lang.String)[pri:0, instance:Origin.AFMC.Login@79207381]" started-at="2024-04-25T15:03:25 IST" name="launch" data-provider="logindata" finished-at="2024-04-25T15:03:27 IST" duration-ms="1685" status="PASS">
          <params>
            <param index="0">
              <value>
                <![CDATA[B44O-U5T-HWO]]>
              </value>
            </param>
            <param index="1">
              <value>
                <![CDATA[Ferterra]]>
              </value>
            </param>
            <param index="2">
              <value>
                <![CDATA[4KG]]>
              </value>
            </param>
            <param index="3">
              <value>
                <![CDATA[0424BT0079]]>
              </value>
            </param>
            <param index="4">
              <value>
                <![CDATA[23-Apr-2024]]>
              </value>
            </param>
            <param index="5">
              <value>
                <![CDATA[22-Apr-2026]]>
              </value>
            </param>
          </params>
          <reporter-output>
          </reporter-output>
        </test-method> <!-- launch -->
        <test-method is-config="true" signature="captureScreenshot(org.testng.ITestResult)[pri:0, instance:Origin.AFMC.Login@79207381]" started-at="2024-04-25T15:03:27 IST" name="captureScreenshot" finished-at="2024-04-25T15:03:27 IST" duration-ms="2" status="PASS">
          <params>
            <param index="0">
              <value>
                <![CDATA[[TestResult name=launch status=SUCCESS method=Login.launch(java.lang.String,java.lang.String,java.lang.String,java.lang.String,java.lang.String,java.lang.String)[pri:0, instance:Origin.AFMC.Login@79207381] output={null}]]]>
              </value>
            </param>
          </params>
          <reporter-output>
          </reporter-output>
        </test-method> <!-- captureScreenshot -->
        <test-method signature="launch(java.lang.String,java.lang.String,java.lang.String,java.lang.String,java.lang.String,java.lang.String)[pri:0, instance:Origin.AFMC.Login@79207381]" started-at="2024-04-25T15:03:27 IST" name="launch" data-provider="logindata" finished-at="2024-04-25T15:03:28 IST" duration-ms="1685" status="PASS">
          <params>
            <param index="0">
              <value>
                <![CDATA[G44N-5CI-2QE]]>
              </value>
            </param>
            <param index="1">
              <value>
                <![CDATA[FERTERRA]]>
              </value>
            </param>
            <param index="2">
              <value>
                <![CDATA[4KG]]>
              </value>
            </param>
            <param index="3">
              <value>
                <![CDATA[0424VC0115]]>
              </value>
            </param>
            <param index="4">
              <value>
                <![CDATA[23-Apr-2024]]>
              </value>
            </param>
            <param index="5">
              <value>
                <![CDATA[22-Apr-2026]]>
              </value>
            </param>
          </params>
          <reporter-output>
          </reporter-output>
        </test-method> <!-- launch -->
        <test-method signature="launch(java.lang.String,java.lang.String,java.lang.String,java.lang.String,java.lang.String,java.lang.String)[pri:0, instance:Origin.AFMC.Login@79207381]" started-at="2024-04-25T15:03:28 IST" name="launch" data-provider="logindata" finished-at="2024-04-25T15:03:30 IST" duration-ms="1706" status="PASS">
          <params>
            <param index="0">
              <value>
                <![CDATA[G44N-2IH-82O]]>
              </value>
            </param>
            <param index="1">
              <value>
                <![CDATA[FERTERRA]]>
              </value>
            </param>
            <param index="2">
              <value>
                <![CDATA[4KG]]>
              </value>
            </param>
            <param index="3">
              <value>
                <![CDATA[0424VC0116]]>
              </value>
            </param>
            <param index="4">
              <value>
                <![CDATA[23-Apr-2024]]>
              </value>
            </param>
            <param index="5">
              <value>
                <![CDATA[22-Apr-2026]]>
              </value>
            </param>
          </params>
          <reporter-output>
          </reporter-output>
        </test-method> <!-- launch -->
        <test-method is-config="true" signature="captureScreenshot(org.testng.ITestResult)[pri:0, instance:Origin.AFMC.Login@79207381]" started-at="2024-04-25T15:03:28 IST" name="captureScreenshot" finished-at="2024-04-25T15:03:28 IST" duration-ms="0" status="PASS">
          <params>
            <param index="0">
              <value>
                <![CDATA[[TestResult name=launch status=SUCCESS method=Login.launch(java.lang.String,java.lang.String,java.lang.String,java.lang.String,java.lang.String,java.lang.String)[pri:0, instance:Origin.AFMC.Login@79207381] output={null}]]]>
              </value>
            </param>
          </params>
          <reporter-output>
          </reporter-output>
        </test-method> <!-- captureScreenshot -->
        <test-method signature="launch(java.lang.String,java.lang.String,java.lang.String,java.lang.String,java.lang.String,java.lang.String)[pri:0, instance:Origin.AFMC.Login@79207381]" started-at="2024-04-25T15:03:30 IST" name="launch" data-provider="logindata" finished-at="2024-04-25T15:03:32 IST" duration-ms="1715" status="PASS">
          <params>
            <param index="0">
              <value>
                <![CDATA[G44N-PVO-XR2]]>
              </value>
            </param>
            <param index="1">
              <value>
                <![CDATA[FERTERRA]]>
              </value>
            </param>
            <param index="2">
              <value>
                <![CDATA[4KG]]>
              </value>
            </param>
            <param index="3">
              <value>
                <![CDATA[0424VC0115]]>
              </value>
            </param>
            <param index="4">
              <value>
                <![CDATA[23-Apr-2024]]>
              </value>
            </param>
            <param index="5">
              <value>
                <![CDATA[22-Apr-2026]]>
              </value>
            </param>
          </params>
          <reporter-output>
          </reporter-output>
        </test-method> <!-- launch -->
        <test-method is-config="true" signature="captureScreenshot(org.testng.ITestResult)[pri:0, instance:Origin.AFMC.Login@79207381]" started-at="2024-04-25T15:03:30 IST" name="captureScreenshot" finished-at="2024-04-25T15:03:30 IST" duration-ms="0" status="PASS">
          <params>
            <param index="0">
              <value>
                <![CDATA[[TestResult name=launch status=SUCCESS method=Login.launch(java.lang.String,java.lang.String,java.lang.String,java.lang.String,java.lang.String,java.lang.String)[pri:0, instance:Origin.AFMC.Login@79207381] output={null}]]]>
              </value>
            </param>
          </params>
          <reporter-output>
          </reporter-output>
        </test-method> <!-- captureScreenshot -->
        <test-method signature="launch(java.lang.String,java.lang.String,java.lang.String,java.lang.String,java.lang.String,java.lang.String)[pri:0, instance:Origin.AFMC.Login@79207381]" started-at="2024-04-25T15:03:32 IST" name="launch" data-provider="logindata" finished-at="2024-04-25T15:03:33 IST" duration-ms="1635" status="PASS">
          <params>
            <param index="0">
              <value>
                <![CDATA[G44N-7WG-L9S]]>
              </value>
            </param>
            <param index="1">
              <value>
                <![CDATA[FERTERRA]]>
              </value>
            </param>
            <param index="2">
              <value>
                <![CDATA[4KG]]>
              </value>
            </param>
            <param index="3">
              <value>
                <![CDATA[0424VC0116]]>
              </value>
            </param>
            <param index="4">
              <value>
                <![CDATA[23-Apr-2024]]>
              </value>
            </param>
            <param index="5">
              <value>
                <![CDATA[22-Apr-2026]]>
              </value>
            </param>
          </params>
          <reporter-output>
          </reporter-output>
        </test-method> <!-- launch -->
        <test-method is-config="true" signature="captureScreenshot(org.testng.ITestResult)[pri:0, instance:Origin.AFMC.Login@79207381]" started-at="2024-04-25T15:03:32 IST" name="captureScreenshot" finished-at="2024-04-25T15:03:32 IST" duration-ms="0" status="PASS">
          <params>
            <param index="0">
              <value>
                <![CDATA[[TestResult name=launch status=SUCCESS method=Login.launch(java.lang.String,java.lang.String,java.lang.String,java.lang.String,java.lang.String,java.lang.String)[pri:0, instance:Origin.AFMC.Login@79207381] output={null}]]]>
              </value>
            </param>
          </params>
          <reporter-output>
          </reporter-output>
        </test-method> <!-- captureScreenshot -->
        <test-method is-config="true" signature="captureScreenshot(org.testng.ITestResult)[pri:0, instance:Origin.AFMC.Login@79207381]" started-at="2024-04-25T15:03:33 IST" name="captureScreenshot" finished-at="2024-04-25T15:03:33 IST" duration-ms="0" status="PASS">
          <params>
            <param index="0">
              <value>
                <![CDATA[[TestResult name=launch status=SUCCESS method=Login.launch(java.lang.String,java.lang.String,java.lang.String,java.lang.String,java.lang.String,java.lang.String)[pri:0, instance:Origin.AFMC.Login@79207381] output={null}]]]>
              </value>
            </param>
          </params>
          <reporter-output>
          </reporter-output>
        </test-method> <!-- captureScreenshot -->
        <test-method signature="launch(java.lang.String,java.lang.String,java.lang.String,java.lang.String,java.lang.String,java.lang.String)[pri:0, instance:Origin.AFMC.Login@79207381]" started-at="2024-04-25T15:03:33 IST" name="launch" data-provider="logindata" finished-at="2024-04-25T15:03:35 IST" duration-ms="1826" status="PASS">
          <params>
            <param index="0">
              <value>
                <![CDATA[C44M-NLI-NXP]]>
              </value>
            </param>
            <param index="1">
              <value>
                <![CDATA[FERTERRA]]>
              </value>
            </param>
            <param index="2">
              <value>
                <![CDATA[4KG]]>
              </value>
            </param>
            <param index="3">
              <value>
                <![CDATA[0424PS0105]]>
              </value>
            </param>
            <param index="4">
              <value>
                <![CDATA[23-Apr-2024]]>
              </value>
            </param>
            <param index="5">
              <value>
                <![CDATA[22-Apr-2026]]>
              </value>
            </param>
          </params>
          <reporter-output>
          </reporter-output>
        </test-method> <!-- launch -->
        <test-method is-config="true" signature="captureScreenshot(org.testng.ITestResult)[pri:0, instance:Origin.AFMC.Login@79207381]" started-at="2024-04-25T15:03:35 IST" name="captureScreenshot" finished-at="2024-04-25T15:03:35 IST" duration-ms="0" status="PASS">
          <params>
            <param index="0">
              <value>
                <![CDATA[[TestResult name=launch status=SUCCESS method=Login.launch(java.lang.String,java.lang.String,java.lang.String,java.lang.String,java.lang.String,java.lang.String)[pri:0, instance:Origin.AFMC.Login@79207381] output={null}]]]>
              </value>
            </param>
          </params>
          <reporter-output>
          </reporter-output>
        </test-method> <!-- captureScreenshot -->
        <test-method signature="launch(java.lang.String,java.lang.String,java.lang.String,java.lang.String,java.lang.String,java.lang.String)[pri:0, instance:Origin.AFMC.Login@79207381]" started-at="2024-04-25T15:03:35 IST" name="launch" data-provider="logindata" finished-at="2024-04-25T15:03:37 IST" duration-ms="1931" status="PASS">
          <params>
            <param index="0">
              <value>
                <![CDATA[C44M-D08-9C2]]>
              </value>
            </param>
            <param index="1">
              <value>
                <![CDATA[FERTERRA]]>
              </value>
            </param>
            <param index="2">
              <value>
                <![CDATA[4KG]]>
              </value>
            </param>
            <param index="3">
              <value>
                <![CDATA[0424PS0105]]>
              </value>
            </param>
            <param index="4">
              <value>
                <![CDATA[23-Apr-2024]]>
              </value>
            </param>
            <param index="5">
              <value>
                <![CDATA[22-Apr-2026]]>
              </value>
            </param>
          </params>
          <reporter-output>
          </reporter-output>
        </test-method> <!-- launch -->
        <test-method is-config="true" signature="captureScreenshot(org.testng.ITestResult)[pri:0, instance:Origin.AFMC.Login@79207381]" started-at="2024-04-25T15:03:37 IST" name="captureScreenshot" finished-at="2024-04-25T15:03:37 IST" duration-ms="0" status="PASS">
          <params>
            <param index="0">
              <value>
                <![CDATA[[TestResult name=launch status=SUCCESS method=Login.launch(java.lang.String,java.lang.String,java.lang.String,java.lang.String,java.lang.String,java.lang.String)[pri:0, instance:Origin.AFMC.Login@79207381] output={null}]]]>
              </value>
            </param>
          </params>
          <reporter-output>
          </reporter-output>
        </test-method> <!-- captureScreenshot -->
        <test-method signature="launch(java.lang.String,java.lang.String,java.lang.String,java.lang.String,java.lang.String,java.lang.String)[pri:0, instance:Origin.AFMC.Login@79207381]" started-at="2024-04-25T15:03:37 IST" name="launch" data-provider="logindata" finished-at="2024-04-25T15:03:39 IST" duration-ms="1687" status="PASS">
          <params>
            <param index="0">
              <value>
                <![CDATA[C44M-BLQ-YBK]]>
              </value>
            </param>
            <param index="1">
              <value>
                <![CDATA[FERTERRA]]>
              </value>
            </param>
            <param index="2">
              <value>
                <![CDATA[4KG]]>
              </value>
            </param>
            <param index="3">
              <value>
                <![CDATA[0424PS0105]]>
              </value>
            </param>
            <param index="4">
              <value>
                <![CDATA[23-Apr-2024]]>
              </value>
            </param>
            <param index="5">
              <value>
                <![CDATA[22-Apr-2026]]>
              </value>
            </param>
          </params>
          <reporter-output>
          </reporter-output>
        </test-method> <!-- launch -->
        <test-method is-config="true" signature="captureScreenshot(org.testng.ITestResult)[pri:0, instance:Origin.AFMC.Login@79207381]" started-at="2024-04-25T15:03:39 IST" name="captureScreenshot" finished-at="2024-04-25T15:03:39 IST" duration-ms="6" status="PASS">
          <params>
            <param index="0">
              <value>
                <![CDATA[[TestResult name=launch status=SUCCESS method=Login.launch(java.lang.String,java.lang.String,java.lang.String,java.lang.String,java.lang.String,java.lang.String)[pri:0, instance:Origin.AFMC.Login@79207381] output={null}]]]>
              </value>
            </param>
          </params>
          <reporter-output>
          </reporter-output>
        </test-method> <!-- captureScreenshot -->
        <test-method signature="launch(java.lang.String,java.lang.String,java.lang.String,java.lang.String,java.lang.String,java.lang.String)[pri:0, instance:Origin.AFMC.Login@79207381]" started-at="2024-04-25T15:03:39 IST" name="launch" data-provider="logindata" finished-at="2024-04-25T15:03:41 IST" duration-ms="1842" status="PASS">
          <params>
            <param index="0">
              <value>
                <![CDATA[C44M-UG7-59D]]>
              </value>
            </param>
            <param index="1">
              <value>
                <![CDATA[FERTERRA]]>
              </value>
            </param>
            <param index="2">
              <value>
                <![CDATA[4KG]]>
              </value>
            </param>
            <param index="3">
              <value>
                <![CDATA[0424PS0105]]>
              </value>
            </param>
            <param index="4">
              <value>
                <![CDATA[23-Apr-2024]]>
              </value>
            </param>
            <param index="5">
              <value>
                <![CDATA[22-Apr-2026]]>
              </value>
            </param>
          </params>
          <reporter-output>
          </reporter-output>
        </test-method> <!-- launch -->
        <test-method signature="launch(java.lang.String,java.lang.String,java.lang.String,java.lang.String,java.lang.String,java.lang.String)[pri:0, instance:Origin.AFMC.Login@79207381]" started-at="2024-04-25T15:03:41 IST" name="launch" data-provider="logindata" finished-at="2024-04-25T15:03:42 IST" duration-ms="1769" status="PASS">
          <params>
            <param index="0">
              <value>
                <![CDATA[L44-O3X-74B]]>
              </value>
            </param>
            <param index="1">
              <value>
                <![CDATA[CORAGEN]]>
              </value>
            </param>
            <param index="2">
              <value>
                <![CDATA[150ML]]>
              </value>
            </param>
            <param index="3">
              <value>
                <![CDATA[190232]]>
              </value>
            </param>
            <param index="4">
              <value>
                <![CDATA[17-Apr-2024]]>
              </value>
            </param>
            <param index="5">
              <value>
                <![CDATA[16-Apr-2026]]>
              </value>
            </param>
          </params>
          <reporter-output>
          </reporter-output>
        </test-method> <!-- launch -->
        <test-method is-config="true" signature="captureScreenshot(org.testng.ITestResult)[pri:0, instance:Origin.AFMC.Login@79207381]" started-at="2024-04-25T15:03:41 IST" name="captureScreenshot" finished-at="2024-04-25T15:03:41 IST" duration-ms="0" status="PASS">
          <params>
            <param index="0">
              <value>
                <![CDATA[[TestResult name=launch status=SUCCESS method=Login.launch(java.lang.String,java.lang.String,java.lang.String,java.lang.String,java.lang.String,java.lang.String)[pri:0, instance:Origin.AFMC.Login@79207381] output={null}]]]>
              </value>
            </param>
          </params>
          <reporter-output>
          </reporter-output>
        </test-method> <!-- captureScreenshot -->
        <test-method signature="launch(java.lang.String,java.lang.String,java.lang.String,java.lang.String,java.lang.String,java.lang.String)[pri:0, instance:Origin.AFMC.Login@79207381]" started-at="2024-04-25T15:03:42 IST" name="launch" data-provider="logindata" finished-at="2024-04-25T15:03:44 IST" duration-ms="1679" status="PASS">
          <params>
            <param index="0">
              <value>
                <![CDATA[L44O-XFJ-8XB]]>
              </value>
            </param>
            <param index="1">
              <value>
                <![CDATA[CORAGEN]]>
              </value>
            </param>
            <param index="2">
              <value>
                <![CDATA[150ML]]>
              </value>
            </param>
            <param index="3">
              <value>
                <![CDATA[190232]]>
              </value>
            </param>
            <param index="4">
              <value>
                <![CDATA[17-Apr-2024]]>
              </value>
            </param>
            <param index="5">
              <value>
                <![CDATA[16-Apr-2026]]>
              </value>
            </param>
          </params>
          <reporter-output>
          </reporter-output>
        </test-method> <!-- launch -->
        <test-method is-config="true" signature="captureScreenshot(org.testng.ITestResult)[pri:0, instance:Origin.AFMC.Login@79207381]" started-at="2024-04-25T15:03:42 IST" name="captureScreenshot" finished-at="2024-04-25T15:03:42 IST" duration-ms="0" status="PASS">
          <params>
            <param index="0">
              <value>
                <![CDATA[[TestResult name=launch status=SUCCESS method=Login.launch(java.lang.String,java.lang.String,java.lang.String,java.lang.String,java.lang.String,java.lang.String)[pri:0, instance:Origin.AFMC.Login@79207381] output={null}]]]>
              </value>
            </param>
          </params>
          <reporter-output>
          </reporter-output>
        </test-method> <!-- captureScreenshot -->
        <test-method is-config="true" signature="captureScreenshot(org.testng.ITestResult)[pri:0, instance:Origin.AFMC.Login@79207381]" started-at="2024-04-25T15:03:44 IST" name="captureScreenshot" finished-at="2024-04-25T15:03:44 IST" duration-ms="0" status="PASS">
          <params>
            <param index="0">
              <value>
                <![CDATA[[TestResult name=launch status=SUCCESS method=Login.launch(java.lang.String,java.lang.String,java.lang.String,java.lang.String,java.lang.String,java.lang.String)[pri:0, instance:Origin.AFMC.Login@79207381] output={null}]]]>
              </value>
            </param>
          </params>
          <reporter-output>
          </reporter-output>
        </test-method> <!-- captureScreenshot -->
        <test-method signature="launch(java.lang.String,java.lang.String,java.lang.String,java.lang.String,java.lang.String,java.lang.String)[pri:0, instance:Origin.AFMC.Login@79207381]" started-at="2024-04-25T15:03:44 IST" name="launch" data-provider="logindata" finished-at="2024-04-25T15:03:46 IST" duration-ms="1736" status="PASS">
          <params>
            <param index="0">
              <value>
                <![CDATA[L44O-T85-ZJU]]>
              </value>
            </param>
            <param index="1">
              <value>
                <![CDATA[CORAGEN]]>
              </value>
            </param>
            <param index="2">
              <value>
                <![CDATA[150ML]]>
              </value>
            </param>
            <param index="3">
              <value>
                <![CDATA[190232]]>
              </value>
            </param>
            <param index="4">
              <value>
                <![CDATA[17-Apr-2024]]>
              </value>
            </param>
            <param index="5">
              <value>
                <![CDATA[16-Apr-2026]]>
              </value>
            </param>
          </params>
          <reporter-output>
          </reporter-output>
        </test-method> <!-- launch -->
        <test-method is-config="true" signature="captureScreenshot(org.testng.ITestResult)[pri:0, instance:Origin.AFMC.Login@79207381]" started-at="2024-04-25T15:03:46 IST" name="captureScreenshot" finished-at="2024-04-25T15:03:46 IST" duration-ms="2" status="PASS">
          <params>
            <param index="0">
              <value>
                <![CDATA[[TestResult name=launch status=SUCCESS method=Login.launch(java.lang.String,java.lang.String,java.lang.String,java.lang.String,java.lang.String,java.lang.String)[pri:0, instance:Origin.AFMC.Login@79207381] output={null}]]]>
              </value>
            </param>
          </params>
          <reporter-output>
          </reporter-output>
        </test-method> <!-- captureScreenshot -->
        <test-method signature="launch(java.lang.String,java.lang.String,java.lang.String,java.lang.String,java.lang.String,java.lang.String)[pri:0, instance:Origin.AFMC.Login@79207381]" started-at="2024-04-25T15:03:46 IST" name="launch" data-provider="logindata" finished-at="2024-04-25T15:03:47 IST" duration-ms="1679" status="PASS">
          <params>
            <param index="0">
              <value>
                <![CDATA[L44O-BP1-KKF]]>
              </value>
            </param>
            <param index="1">
              <value>
                <![CDATA[CORAGEN]]>
              </value>
            </param>
            <param index="2">
              <value>
                <![CDATA[150ML]]>
              </value>
            </param>
            <param index="3">
              <value>
                <![CDATA[190232]]>
              </value>
            </param>
            <param index="4">
              <value>
                <![CDATA[17-Apr-2024]]>
              </value>
            </param>
            <param index="5">
              <value>
                <![CDATA[16-Apr-2026]]>
              </value>
            </param>
          </params>
          <reporter-output>
          </reporter-output>
        </test-method> <!-- launch -->
        <test-method is-config="true" signature="captureScreenshot(org.testng.ITestResult)[pri:0, instance:Origin.AFMC.Login@79207381]" started-at="2024-04-25T15:03:47 IST" name="captureScreenshot" finished-at="2024-04-25T15:03:47 IST" duration-ms="0" status="PASS">
          <params>
            <param index="0">
              <value>
                <![CDATA[[TestResult name=launch status=SUCCESS method=Login.launch(java.lang.String,java.lang.String,java.lang.String,java.lang.String,java.lang.String,java.lang.String)[pri:0, instance:Origin.AFMC.Login@79207381] output={null}]]]>
              </value>
            </param>
          </params>
          <reporter-output>
          </reporter-output>
        </test-method> <!-- captureScreenshot -->
      </class> <!-- Origin.AFMC.Login -->
    </test> <!-- Default test -->
  </suite> <!-- Default suite -->
</testng-results>
