<?xml version="1.0" encoding="UTF-8"?>
<!-- Generated by org.testng.reporters.JUnitXMLReporter -->
<testsuite ignored="0" hostname="DESKTOP-AGOQQT3" failures="1" tests="1" name="Test" time="0.524" errors="0" timestamp="2024-05-06T17:25:48 IST">
  <testcase classname="Origin.AFMC.Login" name="launch" time="0.397">
    <failure type="org.testng.internal.reflect.MethodMatcherException" message="
[public void Origin.AFMC.Login.launch(java.util.Map) throws java.io.IOException] has no parameters defined but was found to be using a data provider (either explicitly specified or inherited from class level annotation).
Data provider mismatch
Method: launch([Parameter{index=0, type=java.util.Map, declaredAnnotations=[]}])
Arguments: [(java.lang.String) B454-C2K-RCQ,(java.lang.String) Ferterra,(java.lang.String) 4KG,(java.lang.String) 0524BT0002,(java.lang.String) 04-May-2024,(java.lang.String) 03-May-2026]">
      <![CDATA[org.testng.internal.reflect.MethodMatcherException: 
[public void Origin.AFMC.Login.launch(java.util.Map) throws java.io.IOException] has no parameters defined but was found to be using a data provider (either explicitly specified or inherited from class level annotation).
Data provider mismatch
Method: launch([Parameter{index=0, type=java.util.Map, declaredAnnotations=[]}])
Arguments: [(java.lang.String) B454-C2K-RCQ,(java.lang.String) Ferterra,(java.lang.String) 4KG,(java.lang.String) 0524BT0002,(java.lang.String) 04-May-2024,(java.lang.String) 03-May-2026]
at java.base/java.util.ArrayList.forEach(ArrayList.java:1596)
... Removed 22 stack frames]]>
    </failure>
  </testcase> <!-- launch -->
</testsuite> <!-- Test -->
