<?xml version="1.0" encoding="UTF-8"?>
<!-- Generated by org.testng.reporters.JUnitXMLReporter -->
<testsuite ignored="0" hostname="DESKTOP-AGOQQT3" failures="0" tests="48" name="Test" time="94.7" errors="0" timestamp="2024-05-07T17:41:29 IST">
  <testcase classname="Origin.AFMC.Login" name="launch" time="5.972"/>
  <testcase classname="Origin.AFMC.Login" name="launch" time="1.96"/>
  <testcase classname="Origin.AFMC.Login" name="launch" time="1.817"/>
  <testcase classname="Origin.AFMC.Login" name="launch" time="2.036"/>
  <testcase classname="Origin.AFMC.Login" name="launch" time="1.891"/>
  <testcase classname="Origin.AFMC.Login" name="launch" time="1.835"/>
  <testcase classname="Origin.AFMC.Login" name="launch" time="2.081"/>
  <testcase classname="Origin.AFMC.Login" name="launch" time="2.817"/>
  <testcase classname="Origin.AFMC.Login" name="launch" time="2.01"/>
  <testcase classname="Origin.AFMC.Login" name="launch" time="2.04"/>
  <testcase classname="Origin.AFMC.Login" name="launch" time="2.028"/>
  <testcase classname="Origin.AFMC.Login" name="launch" time="2.109"/>
  <testcase classname="Origin.AFMC.Login" name="launch" time="2.111"/>
  <testcase classname="Origin.AFMC.Login" name="launch" time="1.915"/>
  <testcase classname="Origin.AFMC.Login" name="launch" time="2.224"/>
  <testcase classname="Origin.AFMC.Login" name="launch" time="2.208"/>
  <testcase classname="Origin.AFMC.Login" name="launch" time="1.934"/>
  <testcase classname="Origin.AFMC.Login" name="launch" time="2.059"/>
  <testcase classname="Origin.AFMC.Login" name="launch" time="2.0"/>
  <testcase classname="Origin.AFMC.Login" name="launch" time="2.122"/>
  <testcase classname="Origin.AFMC.Login" name="launch" time="1.988"/>
  <testcase classname="Origin.AFMC.Login" name="launch" time="1.959"/>
  <testcase classname="Origin.AFMC.Login" name="launch" time="2.002"/>
  <testcase classname="Origin.AFMC.Login" name="launch" time="2.004"/>
  <testcase classname="Origin.AFMC.Login" name="launch" time="1.756"/>
  <testcase classname="Origin.AFMC.Login" name="launch" time="1.579"/>
  <testcase classname="Origin.AFMC.Login" name="launch" time="1.566"/>
  <testcase classname="Origin.AFMC.Login" name="launch" time="3.276"/>
  <testcase classname="Origin.AFMC.Login" name="launch" time="1.522"/>
  <testcase classname="Origin.AFMC.Login" name="launch" time="1.574"/>
  <testcase classname="Origin.AFMC.Login" name="launch" time="1.591"/>
  <testcase classname="Origin.AFMC.Login" name="launch" time="1.587"/>
  <testcase classname="Origin.AFMC.Login" name="launch" time="1.587"/>
  <testcase classname="Origin.AFMC.Login" name="launch" time="1.537"/>
  <testcase classname="Origin.AFMC.Login" name="launch" time="1.523"/>
  <testcase classname="Origin.AFMC.Login" name="launch" time="1.655"/>
  <testcase classname="Origin.AFMC.Login" name="launch" time="1.621"/>
  <testcase classname="Origin.AFMC.Login" name="launch" time="1.589"/>
  <testcase classname="Origin.AFMC.Login" name="launch" time="1.639"/>
  <testcase classname="Origin.AFMC.Login" name="launch" time="1.585"/>
  <testcase classname="Origin.AFMC.Login" name="launch" time="2.011"/>
  <testcase classname="Origin.AFMC.Login" name="launch" time="1.557"/>
  <testcase classname="Origin.AFMC.Login" name="launch" time="1.539"/>
  <testcase classname="Origin.AFMC.Login" name="launch" time="1.611"/>
  <testcase classname="Origin.AFMC.Login" name="launch" time="1.682"/>
  <testcase classname="Origin.AFMC.Login" name="launch" time="1.58"/>
  <testcase classname="Origin.AFMC.Login" name="launch" time="1.61"/>
  <testcase classname="Origin.AFMC.Login" name="launch" time="1.633"/>
</testsuite> <!-- Test -->
